2026-05-23 16:12:50,377 - INFO - Correlation selection started (threshold=0.9)
2026-05-23 16:12:50,404 - INFO - Correlation selection finished: 3 columns removed => ['locality_verbose', 'cost_per_person', 'votes_per_price']
2026-05-23 16:13:32,497 - INFO - Correlation selection started (threshold=0.9)
2026-05-23 16:13:32,548 - INFO - Correlation selection finished: 3 columns removed => ['locality_verbose', 'cost_per_person', 'votes_per_price']
2026-05-23 16:13:45,219 - INFO - Correlation selection started (threshold=0.9)
2026-05-23 16:13:45,250 - INFO - Correlation selection finished: 3 columns removed => ['locality_verbose', 'cost_per_person', 'votes_per_price']
2026-05-23 16:14:51,354 - INFO - Correlation selection started (threshold=0.9)
2026-05-23 16:14:51,375 - INFO - Correlation selection finished: 3 columns removed => ['locality_verbose', 'cost_per_person', 'votes_per_price']
2026-05-23 16:18:43,238 - INFO - Importance selection boshlandi (threshold=0.01)
2026-05-23 16:18:51,821 - INFO - Importance selection tugadi: 2 ustun saqlandi
2026-05-23 16:20:45,699 - INFO - Correlation selection started (threshold=0.9)
2026-05-23 16:20:45,735 - INFO - Correlation selection finished: 3 columns removed => ['locality_verbose', 'cost_per_person', 'votes_per_price']
2026-05-23 16:20:45,771 - INFO - Importance selection started (threshold=0.01)
2026-05-23 16:20:54,307 - INFO - Importance selection finished: 2 columns saved
2026-05-23 16:38:16,380 - INFO - Importance selection started (threshold=0.01)
2026-05-23 16:38:25,576 - INFO - Importance selection finished: 4 columns saved
2026-05-23 16:41:11,236 - INFO - RFE selection boshlandi (n_features=15)
2026-05-23 16:42:07,907 - INFO - RFE selection tugadi: ['restaurant_id', 'restaurant_name', 'city', 'address', 'locality', 'locality_verbose', 'longitude', 'latitude', 'cuisines', 'average_cost_for_two', 'has_online_delivery', 'price_range', 'cost_per_person', 'lat_lon_interaction', 'votes_per_price']
2026-05-24 14:19:10,778 - INFO - Correlation selection started (threshold=0.9)
2026-05-24 14:19:10,813 - INFO - Correlation selection finished: 3 columns removed => ['locality_verbose', 'cost_per_person', 'votes_per_price']
2026-05-24 14:19:10,847 - INFO - Importance selection started (threshold=0.01)
2026-05-24 14:19:21,910 - INFO - Importance selection finished: 2 columns saved
2026-05-24 14:19:22,023 - INFO - Importance selection started (threshold=0.01)
2026-05-24 14:19:32,042 - INFO - Importance selection finished: 4 columns saved
2026-05-24 14:19:32,075 - INFO - RFE selection started (n_features=15)
2026-05-24 14:20:26,215 - INFO - RFE selection finished: ['restaurant_id', 'restaurant_name', 'city', 'address', 'locality', 'locality_verbose', 'longitude', 'latitude', 'cuisines', 'average_cost_for_two', 'has_online_delivery', 'price_range', 'cost_per_person', 'lat_lon_interaction', 'votes_per_price']
2026-05-24 14:22:05,336 - INFO - Correlation selection started (threshold=0.9)
2026-05-24 14:22:05,374 - INFO - Correlation selection finished: 3 columns removed => ['locality_verbose', 'cost_per_person', 'votes_per_price']
2026-05-24 14:22:05,387 - INFO - Importance selection started (threshold=0.01)
2026-05-24 14:22:16,864 - INFO - Importance selection finished: 2 columns saved
2026-05-24 14:22:17,003 - INFO - Importance selection started (threshold=0.01)
2026-05-24 14:22:25,172 - INFO - Importance selection finished: 4 columns saved
2026-05-24 14:22:25,192 - INFO - RFE selection started (n_features=15)
2026-05-24 14:23:33,431 - INFO - RFE selection finished: ['restaurant_id', 'restaurant_name', 'city', 'address', 'locality', 'locality_verbose', 'longitude', 'latitude', 'cuisines', 'average_cost_for_two', 'has_online_delivery', 'price_range', 'cost_per_person', 'lat_lon_interaction', 'votes_per_price']
2026-05-24 14:46:05,062 - INFO - Correlation selection started (threshold=0.9)
2026-05-24 14:46:05,108 - INFO - Correlation selection finished: 3 columns removed => ['locality_verbose', 'cost_per_person', 'votes_per_price']
2026-05-24 14:46:05,124 - INFO - Importance selection started (threshold=0.01)
2026-05-24 14:46:16,518 - INFO - Importance selection finished: 2 columns saved
2026-05-24 14:46:16,655 - INFO - Importance selection started (threshold=0.01)
2026-05-24 14:46:26,730 - INFO - Importance selection finished: 4 columns saved
2026-05-24 14:46:26,742 - INFO - RFE selection started (n_features=15)
2026-05-24 14:47:52,627 - INFO - Correlation selection started (threshold=0.9)
2026-05-24 14:47:52,650 - INFO - Correlation selection finished: 2 columns removed => ['locality_verbose', 'cost_per_person']
2026-05-24 14:47:52,669 - INFO - Importance selection started (threshold=0.01)
2026-05-24 14:48:02,040 - INFO - Importance selection finished: 14 columns saved
2026-05-24 14:48:25,416 - INFO - Importance selection started (threshold=0.01)
2026-05-24 14:48:33,447 - INFO - Importance selection finished: 14 columns saved
2026-05-24 14:48:36,419 - INFO - RFE selection started (n_features=15)
2026-05-24 14:49:15,774 - INFO - RFE selection finished: ['restaurant_name', 'city', 'address', 'locality', 'locality_verbose', 'longitude', 'latitude', 'cuisines', 'average_cost_for_two', 'currency', 'has_online_delivery', 'price_range', 'cost_per_person', 'is_fully_active', 'lat_lon_interaction']
2026-05-24 15:15:14,763 - INFO - Correlation selection started (threshold=0.9)
2026-05-24 15:15:14,810 - INFO - Correlation selection finished: 2 columns removed => ['locality_verbose', 'cost_per_person']
2026-05-24 15:15:14,822 - INFO - Importance selection started (threshold=0.01)
2026-05-24 15:15:22,474 - INFO - Importance selection finished: 14 columns saved
2026-05-24 15:15:22,566 - INFO - Importance selection started (threshold=0.01)
2026-05-24 15:15:29,942 - INFO - Importance selection finished: 14 columns saved
2026-05-24 15:15:29,981 - INFO - RFE selection started (n_features=15)
2026-05-24 15:16:08,315 - INFO - RFE selection finished: ['restaurant_name', 'city', 'address', 'locality', 'locality_verbose', 'longitude', 'latitude', 'cuisines', 'average_cost_for_two', 'currency', 'has_online_delivery', 'price_range', 'cost_per_person', 'is_fully_active', 'lat_lon_interaction']
2026-05-24 15:22:52,332 - INFO - Correlation selection started (threshold=0.9)
2026-05-24 15:22:52,367 - INFO - Correlation selection finished: 2 columns removed => ['locality_verbose', 'cost_per_person']
2026-05-24 15:22:52,387 - INFO - Importance selection started (threshold=0.01)
2026-05-24 15:23:02,139 - INFO - Importance selection finished: 14 columns saved
2026-05-24 15:23:02,236 - INFO - Importance selection started (threshold=0.01)
2026-05-24 15:23:10,421 - INFO - Importance selection finished: 14 columns saved
2026-05-24 15:23:10,436 - INFO - RFE selection started (n_features=15)
2026-05-24 15:23:48,429 - INFO - RFE selection finished: ['restaurant_name', 'city', 'address', 'locality', 'locality_verbose', 'longitude', 'latitude', 'cuisines', 'average_cost_for_two', 'currency', 'has_online_delivery', 'price_range', 'cost_per_person', 'is_fully_active', 'lat_lon_interaction']
2026-05-24 15:26:40,012 - INFO - Correlation selection started (threshold=0.9)
2026-05-24 15:26:40,032 - INFO - Correlation selection finished: 2 columns removed => ['locality_verbose', 'cost_per_person']
2026-05-24 15:26:40,047 - INFO - Importance selection started (threshold=0.01)
2026-05-24 15:26:47,558 - INFO - Importance selection finished: 14 columns saved
2026-05-24 15:26:47,633 - INFO - Importance selection started (threshold=0.01)
2026-05-24 15:26:55,027 - INFO - Importance selection finished: 14 columns saved
2026-05-24 15:26:55,043 - INFO - RFE selection started (n_features=15)
2026-05-24 15:27:36,722 - INFO - RFE selection finished: ['restaurant_name', 'city', 'address', 'locality', 'locality_verbose', 'longitude', 'latitude', 'cuisines', 'average_cost_for_two', 'currency', 'has_online_delivery', 'price_range', 'cost_per_person', 'is_fully_active', 'lat_lon_interaction']
